16-Feb-2022 01:14:16.517 INFORMAÇÕES [main] org.apache.catalina.startup.VersionLoggerListener.log Server version name:   Apache Tomcat/9.0.58
16-Feb-2022 01:14:16.523 INFORMAÇÕES [main] org.apache.catalina.startup.VersionLoggerListener.log Server built:          Jan 15 2022 14:37:38 UTC
16-Feb-2022 01:14:16.524 INFORMAÇÕES [main] org.apache.catalina.startup.VersionLoggerListener.log Server version number: 9.0.58.0
16-Feb-2022 01:14:16.524 INFORMAÇÕES [main] org.apache.catalina.startup.VersionLoggerListener.log OS Name:               Windows 10
16-Feb-2022 01:14:16.525 INFORMAÇÕES [main] org.apache.catalina.startup.VersionLoggerListener.log OS Version:            10.0
16-Feb-2022 01:14:16.525 INFORMAÇÕES [main] org.apache.catalina.startup.VersionLoggerListener.log Architecture:          amd64
16-Feb-2022 01:14:16.525 INFORMAÇÕES [main] org.apache.catalina.startup.VersionLoggerListener.log Java Home:             C:\Program Files\Java\jdk1.8.0_211\jre
16-Feb-2022 01:14:16.525 INFORMAÇÕES [main] org.apache.catalina.startup.VersionLoggerListener.log JVM Version:           1.8.0_211-b12
16-Feb-2022 01:14:16.526 INFORMAÇÕES [main] org.apache.catalina.startup.VersionLoggerListener.log JVM Vendor:            Oracle Corporation
16-Feb-2022 01:14:16.526 INFORMAÇÕES [main] org.apache.catalina.startup.VersionLoggerListener.log CATALINA_BASE:         C:\Users\cryst\OneDrive\Documentos\Integração com Jenkind\task-backend\apache-tomcat-9.0.58
16-Feb-2022 01:14:16.526 INFORMAÇÕES [main] org.apache.catalina.startup.VersionLoggerListener.log CATALINA_HOME:         C:\Users\cryst\OneDrive\Documentos\Integração com Jenkind\task-backend\apache-tomcat-9.0.58
16-Feb-2022 01:14:16.536 INFORMAÇÕES [main] org.apache.catalina.startup.VersionLoggerListener.log Command line argument: -Djava.util.logging.config.file=C:\Users\cryst\OneDrive\Documentos\Integração com Jenkind\task-backend\apache-tomcat-9.0.58\conf\logging.properties
16-Feb-2022 01:14:16.536 INFORMAÇÕES [main] org.apache.catalina.startup.VersionLoggerListener.log Command line argument: -Djava.util.logging.manager=org.apache.juli.ClassLoaderLogManager
16-Feb-2022 01:14:16.537 INFORMAÇÕES [main] org.apache.catalina.startup.VersionLoggerListener.log Command line argument: -Djdk.tls.ephemeralDHKeySize=2048
16-Feb-2022 01:14:16.537 INFORMAÇÕES [main] org.apache.catalina.startup.VersionLoggerListener.log Command line argument: -Djava.protocol.handler.pkgs=org.apache.catalina.webresources
16-Feb-2022 01:14:16.537 INFORMAÇÕES [main] org.apache.catalina.startup.VersionLoggerListener.log Command line argument: -Dignore.endorsed.dirs=
16-Feb-2022 01:14:16.538 INFORMAÇÕES [main] org.apache.catalina.startup.VersionLoggerListener.log Command line argument: -Dcatalina.base=C:\Users\cryst\OneDrive\Documentos\Integração com Jenkind\task-backend\apache-tomcat-9.0.58
16-Feb-2022 01:14:16.540 INFORMAÇÕES [main] org.apache.catalina.startup.VersionLoggerListener.log Command line argument: -Dcatalina.home=C:\Users\cryst\OneDrive\Documentos\Integração com Jenkind\task-backend\apache-tomcat-9.0.58
16-Feb-2022 01:14:16.545 INFORMAÇÕES [main] org.apache.catalina.startup.VersionLoggerListener.log Command line argument: -Djava.io.tmpdir=C:\Users\cryst\OneDrive\Documentos\Integração com Jenkind\task-backend\apache-tomcat-9.0.58\temp
16-Feb-2022 01:14:16.552 INFORMAÇÕES [main] org.apache.catalina.core.AprLifecycleListener.lifecycleEvent The Apache Tomcat Native library which allows using OpenSSL was not found on the java.library.path: [C:\Program Files\Java\jdk1.8.0_211\bin;C:\WINDOWS\Sun\Java\bin;C:\WINDOWS\system32;C:\WINDOWS;C:\WINDOWS\system32;C:\WINDOWS;C:\WINDOWS\System32\Wbem;C:\WINDOWS\System32\WindowsPowerShell\v1.0\;C:\WINDOWS\System32\OpenSSH\;C:\ProgramData\chocolatey\bin;C:\Program Files\Java\jdk1.8.0_211\bin;C:\ProgramData\chocolatey\lib\maven\apache-maven-3.8.4\bin;C:\Program Files\nodejs\;C:\Program Files\Git\cmd;C:\Program Files\Docker\Docker\resources\bin;C:\ProgramData\DockerDesktop\version-bin;C:\Users\cryst\AppData\Local\Microsoft\WindowsApps;C:\Users\cryst\AppData\Roaming\npm;C:\Users\cryst\AppData\Local\Programs\Microsoft VS Code\bin;.]
16-Feb-2022 01:14:17.479 INFORMAÇÕES [main] org.apache.coyote.AbstractProtocol.init Initializing ProtocolHandler ["http-nio-8080"]
16-Feb-2022 01:14:17.565 INFORMAÇÕES [main] org.apache.catalina.startup.Catalina.load Server initialization in [1522] milliseconds
16-Feb-2022 01:14:17.653 INFORMAÇÕES [main] org.apache.catalina.core.StandardService.startInternal Starting service [Catalina]
16-Feb-2022 01:14:17.654 INFORMAÇÕES [main] org.apache.catalina.core.StandardEngine.startInternal Starting Servlet engine: [Apache Tomcat/9.0.58]
16-Feb-2022 01:14:17.676 INFORMAÇÕES [main] org.apache.catalina.startup.HostConfig.deployDirectory Diretório de instalação da aplicação web [C:\Users\cryst\OneDrive\Documentos\Integração com Jenkind\task-backend\apache-tomcat-9.0.58\webapps\docs]
16-Feb-2022 01:14:18.472 ADVERTÊNCIA [main] org.apache.catalina.util.SessionIdGeneratorBase.createSecureRandom Creation of SecureRandom instance for session ID generation using [SHA1PRNG] took [270] milliseconds.
16-Feb-2022 01:14:18.518 INFORMAÇÕES [main] org.apache.catalina.startup.HostConfig.deployDirectory Deployment of web application directory [C:\Users\cryst\OneDrive\Documentos\Integração com Jenkind\task-backend\apache-tomcat-9.0.58\webapps\docs] has finished in [842] ms
16-Feb-2022 01:14:18.519 INFORMAÇÕES [main] org.apache.catalina.startup.HostConfig.deployDirectory Diretório de instalação da aplicação web [C:\Users\cryst\OneDrive\Documentos\Integração com Jenkind\task-backend\apache-tomcat-9.0.58\webapps\examples]
16-Feb-2022 01:14:19.506 INFORMAÇÕES [main] org.apache.catalina.startup.HostConfig.deployDirectory Deployment of web application directory [C:\Users\cryst\OneDrive\Documentos\Integração com Jenkind\task-backend\apache-tomcat-9.0.58\webapps\examples] has finished in [987] ms
16-Feb-2022 01:14:19.507 INFORMAÇÕES [main] org.apache.catalina.startup.HostConfig.deployDirectory Diretório de instalação da aplicação web [C:\Users\cryst\OneDrive\Documentos\Integração com Jenkind\task-backend\apache-tomcat-9.0.58\webapps\host-manager]
16-Feb-2022 01:14:19.589 INFORMAÇÕES [main] org.apache.catalina.startup.HostConfig.deployDirectory Deployment of web application directory [C:\Users\cryst\OneDrive\Documentos\Integração com Jenkind\task-backend\apache-tomcat-9.0.58\webapps\host-manager] has finished in [82] ms
16-Feb-2022 01:14:19.590 INFORMAÇÕES [main] org.apache.catalina.startup.HostConfig.deployDirectory Diretório de instalação da aplicação web [C:\Users\cryst\OneDrive\Documentos\Integração com Jenkind\task-backend\apache-tomcat-9.0.58\webapps\manager]
16-Feb-2022 01:14:19.671 INFORMAÇÕES [main] org.apache.catalina.startup.HostConfig.deployDirectory Deployment of web application directory [C:\Users\cryst\OneDrive\Documentos\Integração com Jenkind\task-backend\apache-tomcat-9.0.58\webapps\manager] has finished in [81] ms
16-Feb-2022 01:14:19.675 INFORMAÇÕES [main] org.apache.catalina.startup.HostConfig.deployDirectory Diretório de instalação da aplicação web [C:\Users\cryst\OneDrive\Documentos\Integração com Jenkind\task-backend\apache-tomcat-9.0.58\webapps\ROOT]
16-Feb-2022 01:14:19.757 INFORMAÇÕES [main] org.apache.catalina.startup.HostConfig.deployDirectory Deployment of web application directory [C:\Users\cryst\OneDrive\Documentos\Integração com Jenkind\task-backend\apache-tomcat-9.0.58\webapps\ROOT] has finished in [81] ms
16-Feb-2022 01:14:19.765 INFORMAÇÕES [main] org.apache.coyote.AbstractProtocol.start Starting ProtocolHandler ["http-nio-8080"]
16-Feb-2022 01:14:19.814 INFORMAÇÕES [main] org.apache.catalina.startup.Catalina.start Server startup in [2246] milliseconds
